2024-10-23T09:28:40.192Z [32minfo[39m: Application has started
2024-10-23T09:29:07.627Z [32minfo[39m: Application has started
2024-10-23T09:29:23.198Z [32minfo[39m: Application has started
2024-10-23T09:30:22.439Z [32minfo[39m: Application has started
2024-10-23T09:30:33.475Z [32minfo[39m: Application has started
2024-10-23T09:31:04.735Z [31merror[39m: [POST] /charger-locations/add-charger - 401 [4ms]
2024-10-23T09:31:10.876Z [31merror[39m: [POST] /charger-locations/add-charger - 500 [8ms]
2024-10-24T07:05:56.032Z [31merror[39m: [POST] /charger-locations/add-charger - 500 [3ms]
2024-10-24T07:06:13.208Z [32minfo[39m: Application has started
2024-10-24T07:06:21.871Z [31merror[39m: [POST] /charger-locations/add-charger - 500 [6ms]
2024-10-24T07:08:11.966Z [32minfo[39m: Application has started
2024-10-24T07:08:16.169Z [31merror[39m: [POST] /charger-locations/add-charger - 500 [7ms]
2024-10-24T07:09:01.914Z [31merror[39m: [POST] /charger-locations/add-charger - 500 [4ms]
2024-10-24T07:43:37.452Z [32minfo[39m: Application has started
2024-10-24T07:43:51.044Z [32minfo[39m: [POST] /charger-locations/add-charger - 200 [88ms]
2024-10-29T06:19:18.324Z [32minfo[39m: [POST] /charger-locations/add-charger - 200 [311ms]
2024-11-04T06:42:48.137Z [32minfo[39m: Application has started
2024-11-04T06:43:28.528Z [32minfo[39m: Application has started
2024-11-04T06:43:54.281Z [32minfo[39m: Application has started
2024-11-04T06:44:16.451Z [32minfo[39m: Application has started
2024-11-04T06:46:36.449Z [32minfo[39m: Application has started
2024-11-04T06:47:49.668Z [32minfo[39m: Application has started
2024-11-04T06:47:54.012Z [32minfo[39m: Application has started
2024-11-04T06:48:44.952Z [32minfo[39m: Application has started
2024-11-04T06:50:41.869Z [32minfo[39m: Application has started
2024-11-04T06:50:44.364Z [32minfo[39m: Application has started
2024-11-04T06:50:57.800Z [32minfo[39m: Application has started
2024-11-04T06:53:33.676Z [32minfo[39m: Application has started
2024-11-04T06:54:00.426Z [32minfo[39m: Application has started
2024-11-04T06:54:47.104Z [32minfo[39m: Application has started
2024-11-04T06:58:24.603Z [32minfo[39m: Application has started
2024-11-04T07:00:02.880Z [32minfo[39m: Application has started
2024-11-04T07:00:33.046Z [32minfo[39m: Application has started
2024-11-04T07:02:47.324Z [32minfo[39m: Application has started
2024-11-04T07:02:57.723Z [32minfo[39m: Application has started
2024-11-04T07:03:41.880Z [32minfo[39m: Application has started
2024-11-04T07:03:51.529Z [32minfo[39m: Application has started
2024-11-04T07:20:11.108Z [32minfo[39m: Application has started
2024-11-04T07:20:22.749Z [32minfo[39m: Application has started
2024-11-04T07:31:47.989Z [32minfo[39m: Application has started
2024-11-04T07:31:58.736Z [32minfo[39m: Application has started
2024-11-04T07:44:35.767Z [32minfo[39m: Application has started
2024-11-04T07:45:23.248Z [32minfo[39m: [POST] /reports/generate-report - 200 [72ms]
2024-11-04T07:54:29.542Z [32minfo[39m: Application has started
2024-11-04T07:54:44.807Z [32minfo[39m: [POST] /reports/generate-report - 200 [60ms]
2024-11-04T07:56:17.198Z [32minfo[39m: Application has started
2024-11-04T07:56:20.613Z [32minfo[39m: [POST] /reports/generate-report - 200 [90ms]
2024-11-04T07:56:34.802Z [32minfo[39m: Application has started
2024-11-04T07:56:54.730Z [32minfo[39m: Application has started
2024-11-04T07:57:04.297Z [32minfo[39m: [POST] /reports/generate-report - 200 [55ms]
2024-11-04T07:57:34.388Z [32minfo[39m: Application has started
2024-11-04T07:57:36.109Z [32minfo[39m: [POST] /reports/generate-report - 200 [67ms]
2024-11-04T08:00:31.243Z [32minfo[39m: Application has started
2024-11-04T08:00:34.194Z [32minfo[39m: Application has started
2024-11-04T08:00:38.672Z [32minfo[39m: [POST] /reports/generate-report - 200 [66ms]
2024-11-04T08:01:13.086Z [32minfo[39m: Application has started
2024-11-04T08:01:22.135Z [32minfo[39m: Application has started
2024-11-06T07:42:05.093Z [32minfo[39m: Application has started
2024-11-06T07:42:40.820Z [32minfo[39m: Application has started
2024-11-06T07:52:55.940Z [31merror[39m: [GET] /get/pagination?page=1&limit=10 - 404 [4ms]
2024-11-06T07:53:18.815Z [31merror[39m: [GET] /user/get/pagination?page=1&limit=10 - 404 [2ms]
2024-11-06T07:53:22.253Z [31merror[39m: [GET] /users/get/pagination?page=1&limit=10 - 401 [4ms]
2024-11-06T07:53:29.871Z [32minfo[39m: [GET] /users/get/pagination?page=1&limit=10 - 200 [106ms]
2024-11-06T07:55:48.147Z [32minfo[39m: Application has started
2024-11-06T07:55:55.170Z [31merror[39m: [GET] /users/get/pagination?page=1&limit=10 - 401 [8ms]
2024-11-06T07:56:44.571Z [32minfo[39m: Application has started
2024-11-06T07:56:49.680Z [32minfo[39m: [GET] /users/get/pagination?page=1&limit=10 - 200 [71ms]
2024-11-06T07:57:06.672Z [32minfo[39m: Application has started
2024-11-06T07:57:16.114Z [32minfo[39m: Application has started
2024-11-06T08:05:04.517Z [32minfo[39m: Application has started
2024-11-06T08:06:33.035Z [32minfo[39m: Application has started
2024-11-06T08:06:52.134Z [32minfo[39m: Application has started
2024-11-06T08:06:57.223Z [32minfo[39m: [GET] /users/get/pagination?page=1&limit=10 - 200 [89ms]
2024-11-06T10:05:08.684Z [32minfo[39m: [GET] /users - 200 [352ms]
2024-11-07T05:36:09.194Z [32minfo[39m: [GET] /users/get/pagination?page=1&limit=10 - 200 [493ms]
2024-11-07T05:36:14.277Z [32minfo[39m: [GET] /users/get/pagination?page=2&limit=10 - 200 [86ms]
2024-11-07T05:36:43.197Z [32minfo[39m: [GET] /users/get/pagination?page=2&limit=50 - 200 [76ms]
2024-11-07T05:36:49.002Z [32minfo[39m: [GET] /users/get/pagination?page=1&limit=50 - 200 [63ms]
2024-11-07T05:36:59.445Z [32minfo[39m: [GET] /users/get/pagination?page=1&limit=25 - 200 [84ms]
2024-11-07T05:37:07.408Z [32minfo[39m: [GET] /users/get/pagination?page=1&limit=10 - 200 [235ms]
2024-11-11T05:29:18.333Z [32minfo[39m: [GET] /users/get/pagination?page=1&limit=5 - 200 [604ms]
2024-11-11T05:29:27.386Z [32minfo[39m: [GET] /users/get/pagination?page=2&limit=5 - 200 [81ms]
2024-11-11T05:29:33.928Z [32minfo[39m: [GET] /users/get/pagination?page=1&limit=5 - 200 [141ms]
2024-11-11T05:31:09.317Z [32minfo[39m: Application has started
2024-11-11T05:32:00.395Z [32minfo[39m: [GET] /users/get/pagination?page=1&limit=5 - 200 [147ms]
2024-11-11T05:33:08.053Z [32minfo[39m: [GET] /users/get/pagination?page=2&limit=5 - 200 [136ms]
2024-11-11T05:33:20.082Z [32minfo[39m: [GET] /users/get/pagination?page=3&limit=5 - 200 [176ms]
2024-11-11T05:33:33.654Z [32minfo[39m: [GET] /users/get/pagination?page=4&limit=5 - 200 [218ms]
